INFO  11:58:32 Application started. Press Ctrl+C to shut down.
INFO  11:58:32 Application started. Press Ctrl+C to shut down.
INFO  11:58:32 Hosting environment: Development
INFO  11:58:32 Hosting environment: Development
INFO  11:58:32 Content root path: D:\Projects\MFRP\AuthApi
INFO  11:58:32 Content root path: D:\Projects\MFRP\AuthApi
INFO  12:47:47 Application started. Press Ctrl+C to shut down.
INFO  12:47:47 Application started. Press Ctrl+C to shut down.
INFO  12:47:47 Hosting environment: Development
INFO  12:47:47 Hosting environment: Development
INFO  12:47:47 Content root path: D:\Projects\MFRP\AuthApi
INFO  12:47:47 Content root path: D:\Projects\MFRP\AuthApi
INFO  12:49:22 User email and password verified
INFO  01:27:42 Application started. Press Ctrl+C to shut down.
INFO  01:27:43 Application started. Press Ctrl+C to shut down.
INFO  01:27:43 Hosting environment: Development
INFO  01:27:43 Hosting environment: Development
INFO  01:27:43 Content root path: D:\Projects\MFRP\AuthApi
INFO  01:27:43 Content root path: D:\Projects\MFRP\AuthApi
INFO  02:06:57 Application started. Press Ctrl+C to shut down.
INFO  02:06:57 Application started. Press Ctrl+C to shut down.
INFO  02:06:57 Hosting environment: Development
INFO  02:06:57 Hosting environment: Development
INFO  02:06:57 Content root path: D:\Projects\MFRP\AuthApi
INFO  02:06:57 Content root path: D:\Projects\MFRP\AuthApi
ERROR 02:07:08 An unhandled exception has occurred while executing the request.
System.InvalidOperationException: Unable to resolve service for type 'System.String' while attempting to activate 'AuthApi.Controllers.TokenController'.
   at Microsoft.Extensions.DependencyInjection.ActivatorUtilities.GetService(IServiceProvider sp, Type type, Type requiredBy, Boolean isDefaultParameterRequired)
   at lambda_method(Closure , IServiceProvider , Object[] )
   at Microsoft.AspNetCore.Mvc.Controllers.ControllerActivatorProvider.<>c__DisplayClass4_0.<CreateActivator>b__0(ControllerContext controllerContext)
   at Microsoft.AspNetCore.Mvc.Controllers.ControllerFactoryProvider.<>c__DisplayClass5_0.<CreateControllerFactory>g__CreateController|0(ControllerContext controllerContext)
   at Microsoft.AspNetCore.Mvc.Infrastructure.ControllerActionInvoker.Next(State& next, Scope& scope, Object& state, Boolean& isCompleted)
   at Microsoft.AspNetCore.Mvc.Infrastructure.ControllerActionInvoker.InvokeInnerFilterAsync()
--- End of stack trace from previous location where exception was thrown ---
   at Microsoft.AspNetCore.Mvc.Infrastructure.ResourceInvoker.<InvokeFilterPipelineAsync>g__Awaited|19_0(ResourceInvoker invoker, Task lastTask, State next, Scope scope, Object state, Boolean isCompleted)
   at Microsoft.AspNetCore.Mvc.Infrastructure.ResourceInvoker.<InvokeAsync>g__Awaited|17_0(ResourceInvoker invoker, Task task, IDisposable scope)
   at Microsoft.AspNetCore.Routing.EndpointMiddleware.<Invoke>g__AwaitRequestTask|6_0(Endpoint endpoint, Task requestTask, ILogger logger)
   at Microsoft.AspNetCore.Authorization.AuthorizationMiddleware.Invoke(HttpContext context)
   at Microsoft.AspNetCore.Authentication.AuthenticationMiddleware.Invoke(HttpContext context)
   at Microsoft.AspNetCore.Diagnostics.DeveloperExceptionPageMiddleware.Invoke(HttpContext context)
ERROR 02:07:08 An unhandled exception has occurred while executing the request.
System.InvalidOperationException: Unable to resolve service for type 'System.String' while attempting to activate 'AuthApi.Controllers.TokenController'.
   at Microsoft.Extensions.DependencyInjection.ActivatorUtilities.GetService(IServiceProvider sp, Type type, Type requiredBy, Boolean isDefaultParameterRequired)
   at lambda_method(Closure , IServiceProvider , Object[] )
   at Microsoft.AspNetCore.Mvc.Controllers.ControllerActivatorProvider.<>c__DisplayClass4_0.<CreateActivator>b__0(ControllerContext controllerContext)
   at Microsoft.AspNetCore.Mvc.Controllers.ControllerFactoryProvider.<>c__DisplayClass5_0.<CreateControllerFactory>g__CreateController|0(ControllerContext controllerContext)
   at Microsoft.AspNetCore.Mvc.Infrastructure.ControllerActionInvoker.Next(State& next, Scope& scope, Object& state, Boolean& isCompleted)
   at Microsoft.AspNetCore.Mvc.Infrastructure.ControllerActionInvoker.InvokeInnerFilterAsync()
--- End of stack trace from previous location where exception was thrown ---
   at Microsoft.AspNetCore.Mvc.Infrastructure.ResourceInvoker.<InvokeFilterPipelineAsync>g__Awaited|19_0(ResourceInvoker invoker, Task lastTask, State next, Scope scope, Object state, Boolean isCompleted)
   at Microsoft.AspNetCore.Mvc.Infrastructure.ResourceInvoker.<InvokeAsync>g__Awaited|17_0(ResourceInvoker invoker, Task task, IDisposable scope)
   at Microsoft.AspNetCore.Routing.EndpointMiddleware.<Invoke>g__AwaitRequestTask|6_0(Endpoint endpoint, Task requestTask, ILogger logger)
   at Microsoft.AspNetCore.Authorization.AuthorizationMiddleware.Invoke(HttpContext context)
   at Microsoft.AspNetCore.Authentication.AuthenticationMiddleware.Invoke(HttpContext context)
   at Microsoft.AspNetCore.Diagnostics.DeveloperExceptionPageMiddleware.Invoke(HttpContext context)
